<?xml version="1.0" encoding="UTF-8"?>
<!-- Generated by org.testng.reporters.JUnitXMLReporter -->
<testsuite ignored="0" hostname="DESKTOP-I3H0T1F" failures="0" tests="6" name="Default test" time="10.29" errors="0" timestamp="2025-10-18T21:04:05 EEST">
  <testcase classname="api.test.DataDrivenTestCases" name="TC01_verifyCreateUser" time="3.945"/>
  <testcase classname="api.test.DataDrivenTestCases" name="TC01_verifyCreateUser" time="0.777"/>
  <testcase classname="api.test.DataDrivenTestCases" name="TC01_verifyCreateUser" time="0.785"/>
  <testcase classname="api.test.DataDrivenTestCases" name="TC02_verifyDeleteUser" time="0.768"/>
  <testcase classname="api.test.DataDrivenTestCases" name="TC02_verifyDeleteUser" time="0.774"/>
  <testcase classname="api.test.DataDrivenTestCases" name="TC02_verifyDeleteUser" time="0.74"/>
</testsuite> <!-- Default test -->
