<?xml version="1.0" encoding="UTF-8"?>
<testng-results ignored="0" total="6" passed="6" failed="0" skipped="0">
  <reporter-output>
  </reporter-output>
  <suite started-at="2025-10-18T21:03:55 EEST" name="Default suite" finished-at="2025-10-18T21:04:05 EEST" duration-ms="10290">
    <groups>
    </groups>
    <test started-at="2025-10-18T21:03:55 EEST" name="Default test" finished-at="2025-10-18T21:04:05 EEST" duration-ms="10290">
      <class name="api.test.DataDrivenTestCases">
        <test-method signature="TC01_verifyCreateUser(java.lang.String,java.lang.String,java.lang.String,java.lang.String,java.lang.String,java.lang.String,java.lang.String)[pri:1, instance:api.test.DataDrivenTestCases@4a668b6e]" started-at="2025-10-18T21:03:57 EEST" name="TC01_verifyCreateUser" data-provider="Data" finished-at="2025-10-18T21:04:01 EEST" duration-ms="3945" status="PASS">
          <params>
            <param index="0">
              <value>
                <![CDATA[1010]]>
              </value>
            </param>
            <param index="1">
              <value>
                <![CDATA[testuser1]]>
              </value>
            </param>
            <param index="2">
              <value>
                <![CDATA[John]]>
              </value>
            </param>
            <param index="3">
              <value>
                <![CDATA[Canedy]]>
              </value>
            </param>
            <param index="4">
              <value>
                <![CDATA[a@gmail.com]]>
              </value>
            </param>
            <param index="5">
              <value>
                <![CDATA[Test@1]]>
              </value>
            </param>
            <param index="6">
              <value>
                <![CDATA[123456789]]>
              </value>
            </param>
          </params>
          <reporter-output>
          </reporter-output>
        </test-method> <!-- TC01_verifyCreateUser -->
        <test-method signature="TC01_verifyCreateUser(java.lang.String,java.lang.String,java.lang.String,java.lang.String,java.lang.String,java.lang.String,java.lang.String)[pri:1, instance:api.test.DataDrivenTestCases@4a668b6e]" started-at="2025-10-18T21:04:01 EEST" name="TC01_verifyCreateUser" data-provider="Data" finished-at="2025-10-18T21:04:02 EEST" duration-ms="777" status="PASS">
          <params>
            <param index="0">
              <value>
                <![CDATA[1020]]>
              </value>
            </param>
            <param index="1">
              <value>
                <![CDATA[testuser2]]>
              </value>
            </param>
            <param index="2">
              <value>
                <![CDATA[Kim]]>
              </value>
            </param>
            <param index="3">
              <value>
                <![CDATA[Kom]]>
              </value>
            </param>
            <param index="4">
              <value>
                <![CDATA[b@gmail.com]]>
              </value>
            </param>
            <param index="5">
              <value>
                <![CDATA[Test@2]]>
              </value>
            </param>
            <param index="6">
              <value>
                <![CDATA[123456789]]>
              </value>
            </param>
          </params>
          <reporter-output>
          </reporter-output>
        </test-method> <!-- TC01_verifyCreateUser -->
        <test-method signature="TC01_verifyCreateUser(java.lang.String,java.lang.String,java.lang.String,java.lang.String,java.lang.String,java.lang.String,java.lang.String)[pri:1, instance:api.test.DataDrivenTestCases@4a668b6e]" started-at="2025-10-18T21:04:02 EEST" name="TC01_verifyCreateUser" data-provider="Data" finished-at="2025-10-18T21:04:03 EEST" duration-ms="785" status="PASS">
          <params>
            <param index="0">
              <value>
                <![CDATA[1030]]>
              </value>
            </param>
            <param index="1">
              <value>
                <![CDATA[testuser3]]>
              </value>
            </param>
            <param index="2">
              <value>
                <![CDATA[Smith]]>
              </value>
            </param>
            <param index="3">
              <value>
                <![CDATA[Steve]]>
              </value>
            </param>
            <param index="4">
              <value>
                <![CDATA[c@gmail.com]]>
              </value>
            </param>
            <param index="5">
              <value>
                <![CDATA[Test@3]]>
              </value>
            </param>
            <param index="6">
              <value>
                <![CDATA[123456789]]>
              </value>
            </param>
          </params>
          <reporter-output>
          </reporter-output>
        </test-method> <!-- TC01_verifyCreateUser -->
        <test-method signature="TC02_verifyDeleteUser(java.lang.String)[pri:2, instance:api.test.DataDrivenTestCases@4a668b6e]" started-at="2025-10-18T21:04:03 EEST" name="TC02_verifyDeleteUser" data-provider="UserNames" finished-at="2025-10-18T21:04:03 EEST" duration-ms="768" status="PASS">
          <params>
            <param index="0">
              <value>
                <![CDATA[testuser1]]>
              </value>
            </param>
          </params>
          <reporter-output>
          </reporter-output>
        </test-method> <!-- TC02_verifyDeleteUser -->
        <test-method signature="TC02_verifyDeleteUser(java.lang.String)[pri:2, instance:api.test.DataDrivenTestCases@4a668b6e]" started-at="2025-10-18T21:04:03 EEST" name="TC02_verifyDeleteUser" data-provider="UserNames" finished-at="2025-10-18T21:04:04 EEST" duration-ms="774" status="PASS">
          <params>
            <param index="0">
              <value>
                <![CDATA[testuser2]]>
              </value>
            </param>
          </params>
          <reporter-output>
          </reporter-output>
        </test-method> <!-- TC02_verifyDeleteUser -->
        <test-method signature="TC02_verifyDeleteUser(java.lang.String)[pri:2, instance:api.test.DataDrivenTestCases@4a668b6e]" started-at="2025-10-18T21:04:04 EEST" name="TC02_verifyDeleteUser" data-provider="UserNames" finished-at="2025-10-18T21:04:05 EEST" duration-ms="740" status="PASS">
          <params>
            <param index="0">
              <value>
                <![CDATA[testuser3]]>
              </value>
            </param>
          </params>
          <reporter-output>
          </reporter-output>
        </test-method> <!-- TC02_verifyDeleteUser -->
      </class> <!-- api.test.DataDrivenTestCases -->
    </test> <!-- Default test -->
  </suite> <!-- Default suite -->
</testng-results>
